[2025-12-23 09:50:44,344 - negative_mining.py:61 - INFO] - Configuration:
output_dir: ./outputs
seed: 42
device: cpu
data:
  name: msmarco
  queries_path: /home/ir_repo/work/hdd/data/preprocessed/datasets/msmarco/train_queries.jsonl
  qrels_path: /home/ir_repo/work/hdd/data/preprocessed/datasets/msmarco/train_qrels.jsonl
  collection_path: /home/ir_repo/work/hdd/data/preprocessed/msmarco_collection/collection.jsonl
index:
  path: /home/ir_repo/work/hdd/index/bm25/msmarco
  threads: 16
search:
  name: mining_search
  topk: 100
  n_negative: 1
  batch_size: 64
  output_dir: hard_negatives

[2025-12-23 09:50:44,480 - reflect.py:225 - DEBUG] - autoclass(org.apache.lucene.index.IndexReader) intf False hierarchy is [(<Class: java.lang.Object at 0x760356273d90>, 1), (<Interface: java.lang.AutoCloseable at 0x760356273e30>, 2), (<Interface: java.io.Closeable at 0x760356273d40>, 1), (<Class: org.apache.lucene.index.IndexReader at 0x760356273de0>, 0)]
[2025-12-23 09:50:44,481 - reflect.py:150 - DEBUG] - 
meth: finalize
  sig: ()V
  Public False
  Private False
  Protected True
  Static False
  Final False
  Synchronized False
  Volatile False
  Transient False
  Native False
  Interface False
  Abstract False
  Strict False

[2025-12-23 09:50:44,481 - reflect.py:150 - DEBUG] - 
meth: wait0
  sig: (J)V
  Public False
  Private True
  Protected False
  Static False
  Final True
  Synchronized False
  Volatile False
  Transient False
  Native True
  Interface False
  Abstract False
  Strict False

[2025-12-23 09:50:44,481 - reflect.py:315 - DEBUG] - method equals has 2 multiple signatures in hierarchy of cls Class: org.apache.lucene.index.IndexReader
[2025-12-23 09:50:44,481 - reflect.py:322 - DEBUG] - 	 owner Class: java.lang.Object level 1 param_sig Ljava/lang/Object;
[2025-12-23 09:50:44,481 - reflect.py:322 - DEBUG] - 	 owner Class: org.apache.lucene.index.IndexReader level 0 param_sig Ljava/lang/Object;
[2025-12-23 09:50:44,481 - reflect.py:330 - DEBUG] - discarding equals name from Class: java.lang.Object at level 1
[2025-12-23 09:50:44,481 - reflect.py:150 - DEBUG] - 
meth: equals
  sig: (Ljava/lang/Object;)Z
  Public True
  Private False
  Protected False
  Static False
  Final True
  Synchronized False
  Volatile False
  Transient False
  Native False
  Interface False
  Abstract False
  Strict False

[2025-12-23 09:50:44,481 - reflect.py:340 - DEBUG] - method selected 1 multiple signatures of [('(Ljava/lang/Object;)Z', False, False)]
[2025-12-23 09:50:44,481 - reflect.py:150 - DEBUG] - 
meth: toString
  sig: ()Ljava/lang/String;
  Public True
  Private False
  Protected False
  Static False
  Final False
  Synchronized False
  Volatile False
  Transient False
  Native False
  Interface False
  Abstract False
  Strict False

[2025-12-23 09:50:44,481 - reflect.py:315 - DEBUG] - method hashCode has 2 multiple signatures in hierarchy of cls Class: org.apache.lucene.index.IndexReader
[2025-12-23 09:50:44,481 - reflect.py:322 - DEBUG] - 	 owner Class: java.lang.Object level 1 param_sig 
[2025-12-23 09:50:44,481 - reflect.py:322 - DEBUG] - 	 owner Class: org.apache.lucene.index.IndexReader level 0 param_sig 
[2025-12-23 09:50:44,481 - reflect.py:330 - DEBUG] - discarding hashCode name from Class: java.lang.Object at level 1
[2025-12-23 09:50:44,481 - reflect.py:150 - DEBUG] - 
meth: hashCode
  sig: ()I
  Public True
  Private False
  Protected False
  Static False
  Final True
  Synchronized False
  Volatile False
  Transient False
  Native False
  Interface False
  Abstract False
  Strict False

[2025-12-23 09:50:44,481 - reflect.py:340 - DEBUG] - method selected 1 multiple signatures of [('()I', False, False)]
[2025-12-23 09:50:44,481 - reflect.py:150 - DEBUG] - 
meth: getClass
  sig: ()Ljava/lang/Class;
  Public True
  Private False
  Protected False
  Static False
  Final True
  Synchronized False
  Volatile False
  Transient False
  Native True
  Interface False
  Abstract False
  Strict False

[2025-12-23 09:50:44,481 - reflect.py:150 - DEBUG] - 
meth: clone
  sig: ()Ljava/lang/Object;
  Public False
  Private False
  Protected True
  Static False
  Final False
  Synchronized False
  Volatile False
  Transient False
  Native True
  Interface False
  Abstract False
  Strict False

[2025-12-23 09:50:44,481 - reflect.py:150 - DEBUG] - 
meth: notify
  sig: ()V
  Public True
  Private False
  Protected False
  Static False
  Final True
  Synchronized False
  Volatile False
  Transient False
  Native True
  Interface False
  Abstract False
  Strict False

[2025-12-23 09:50:44,481 - reflect.py:150 - DEBUG] - 
meth: notifyAll
  sig: ()V
  Public True
  Private False
  Protected False
  Static False
  Final True
  Synchronized False
  Volatile False
  Transient False
  Native True
  Interface False
  Abstract False
  Strict False

[2025-12-23 09:50:44,482 - reflect.py:315 - DEBUG] - method wait has 3 multiple signatures in hierarchy of cls Class: org.apache.lucene.index.IndexReader
[2025-12-23 09:50:44,482 - reflect.py:322 - DEBUG] - 	 owner Class: java.lang.Object level 1 param_sig J
[2025-12-23 09:50:44,482 - reflect.py:322 - DEBUG] - 	 owner Class: java.lang.Object level 1 param_sig JI
[2025-12-23 09:50:44,482 - reflect.py:322 - DEBUG] - 	 owner Class: java.lang.Object level 1 param_sig 
[2025-12-23 09:50:44,482 - reflect.py:150 - DEBUG] - 
meth: wait
  sig: (J)V
  Public True
  Private False
  Protected False
  Static False
  Final True
  Synchronized False
  Volatile False
  Transient False
  Native False
  Interface False
  Abstract False
  Strict False

[2025-12-23 09:50:44,482 - reflect.py:150 - DEBUG] - 
meth: wait
  sig: (JI)V
  Public True
  Private False
  Protected False
  Static False
  Final True
  Synchronized False
  Volatile False
  Transient False
  Native False
  Interface False
  Abstract False
  Strict False

[2025-12-23 09:50:44,482 - reflect.py:150 - DEBUG] - 
meth: wait
  sig: ()V
  Public True
  Private False
  Protected False
  Static False
  Final True
  Synchronized False
  Volatile False
  Transient False
  Native False
  Interface False
  Abstract False
  Strict False

[2025-12-23 09:50:44,482 - reflect.py:340 - DEBUG] - method selected 3 multiple signatures of [('(J)V', False, False), ('(JI)V', False, False), ('()V', False, False)]
[2025-12-23 09:50:44,482 - reflect.py:315 - DEBUG] - method close has 3 multiple signatures in hierarchy of cls Class: org.apache.lucene.index.IndexReader
[2025-12-23 09:50:44,482 - reflect.py:322 - DEBUG] - 	 owner Interface: java.lang.AutoCloseable level 2 param_sig 
[2025-12-23 09:50:44,482 - reflect.py:322 - DEBUG] - 	 owner Interface: java.io.Closeable level 1 param_sig 
[2025-12-23 09:50:44,482 - reflect.py:322 - DEBUG] - 	 owner Class: org.apache.lucene.index.IndexReader level 0 param_sig 
[2025-12-23 09:50:44,482 - reflect.py:330 - DEBUG] - discarding close name from Interface: java.lang.AutoCloseable at level 2
[2025-12-23 09:50:44,482 - reflect.py:330 - DEBUG] - discarding close name from Interface: java.io.Closeable at level 1
[2025-12-23 09:50:44,482 - reflect.py:150 - DEBUG] - 
meth: close
  sig: ()V
  Public True
  Private False
  Protected False
  Static False
  Final True
  Synchronized True
  Volatile False
  Transient False
  Native False
  Interface False
  Abstract False
  Strict False

[2025-12-23 09:50:44,482 - reflect.py:340 - DEBUG] - method selected 1 multiple signatures of [('()V', False, False)]
[2025-12-23 09:50:44,482 - reflect.py:150 - DEBUG] - 
meth: numDeletedDocs
  sig: ()I
  Public True
  Private False
  Protected False
  Static False
  Final True
  Synchronized False
  Volatile False
  Transient False
  Native False
  Interface False
  Abstract False
  Strict False

[2025-12-23 09:50:44,482 - reflect.py:150 - DEBUG] - 
meth: decRef
  sig: ()V
  Public True
  Private False
  Protected False
  Static False
  Final True
  Synchronized False
  Volatile False
  Transient False
  Native False
  Interface False
  Abstract False
  Strict False

[2025-12-23 09:50:44,482 - reflect.py:150 - DEBUG] - 
meth: leaves
  sig: ()Ljava/util/List;
  Public True
  Private False
  Protected False
  Static False
  Final True
  Synchronized False
  Volatile False
  Transient False
  Native False
  Interface False
  Abstract False
  Strict False

[2025-12-23 09:50:44,482 - reflect.py:150 - DEBUG] - 
meth: registerParentReader
  sig: (Lorg/apache/lucene/index/IndexReader;)V
  Public True
  Private False
  Protected False
  Static False
  Final True
  Synchronized False
  Volatile False
  Transient False
  Native False
  Interface False
  Abstract False
  Strict False

[2025-12-23 09:50:44,482 - reflect.py:150 - DEBUG] - 
meth: notifyReaderClosedListeners
  sig: ()V
  Public False
  Private False
  Protected True
  Static False
  Final False
  Synchronized False
  Volatile False
  Transient False
  Native False
  Interface False
  Abstract False
  Strict False

[2025-12-23 09:50:44,482 - reflect.py:150 - DEBUG] - 
meth: getRefCount
  sig: ()I
  Public True
  Private False
  Protected False
  Static False
  Final True
  Synchronized False
  Volatile False
  Transient False
  Native False
  Interface False
  Abstract False
  Strict False

[2025-12-23 09:50:44,483 - reflect.py:150 - DEBUG] - 
meth: incRef
  sig: ()V
  Public True
  Private False
  Protected False
  Static False
  Final True
  Synchronized False
  Volatile False
  Transient False
  Native False
  Interface False
  Abstract False
  Strict False

[2025-12-23 09:50:44,483 - reflect.py:150 - DEBUG] - 
meth: getTermVector
  sig: (ILjava/lang/String;)Lorg/apache/lucene/index/Terms;
  Public True
  Private False
  Protected False
  Static False
  Final True
  Synchronized False
  Volatile False
  Transient False
  Native False
  Interface False
  Abstract False
  Strict False

[2025-12-23 09:50:44,483 - reflect.py:150 - DEBUG] - 
meth: termVectors
  sig: ()Lorg/apache/lucene/index/TermVectors;
  Public True
  Private False
  Protected False
  Static False
  Final False
  Synchronized False
  Volatile False
  Transient False
  Native False
  Interface False
  Abstract True
  Strict False

[2025-12-23 09:50:44,483 - reflect.py:150 - DEBUG] - 
meth: hasDeletions
  sig: ()Z
  Public True
  Private False
  Protected False
  Static False
  Final False
  Synchronized False
  Volatile False
  Transient False
  Native False
  Interface False
  Abstract False
  Strict False

[2025-12-23 09:50:44,483 - reflect.py:150 - DEBUG] - 
meth: getReaderCacheHelper
  sig: ()Lorg/apache/lucene/index/IndexReader$CacheHelper;
  Public True
  Private False
  Protected False
  Static False
  Final False
  Synchronized False
  Volatile False
  Transient False
  Native False
  Interface False
  Abstract True
  Strict False

[2025-12-23 09:50:44,483 - reflect.py:150 - DEBUG] - 
meth: docFreq
  sig: (Lorg/apache/lucene/index/Term;)I
  Public True
  Private False
  Protected False
  Static False
  Final False
  Synchronized False
  Volatile False
  Transient False
  Native False
  Interface False
  Abstract True
  Strict False

[2025-12-23 09:50:44,483 - reflect.py:150 - DEBUG] - 
meth: totalTermFreq
  sig: (Lorg/apache/lucene/index/Term;)J
  Public True
  Private False
  Protected False
  Static False
  Final False
  Synchronized False
  Volatile False
  Transient False
  Native False
  Interface False
  Abstract True
  Strict False

[2025-12-23 09:50:44,483 - reflect.py:150 - DEBUG] - 
meth: getSumDocFreq
  sig: (Ljava/lang/String;)J
  Public True
  Private False
  Protected False
  Static False
  Final False
  Synchronized False
  Volatile False
  Transient False
  Native False
  Interface False
  Abstract True
  Strict False

[2025-12-23 09:50:44,483 - reflect.py:150 - DEBUG] - 
meth: getDocCount
  sig: (Ljava/lang/String;)I
  Public True
  Private False
  Protected False
  Static False
  Final False
  Synchronized False
  Volatile False
  Transient False
  Native False
  Interface False
  Abstract True
  Strict False

[2025-12-23 09:50:44,483 - reflect.py:150 - DEBUG] - 
meth: getSumTotalTermFreq
  sig: (Ljava/lang/String;)J
  Public True
  Private False
  Protected False
  Static False
  Final False
  Synchronized False
  Volatile False
  Transient False
  Native False
  Interface False
  Abstract True
  Strict False

[2025-12-23 09:50:44,483 - reflect.py:315 - DEBUG] - method document has 3 multiple signatures in hierarchy of cls Class: org.apache.lucene.index.IndexReader
[2025-12-23 09:50:44,483 - reflect.py:322 - DEBUG] - 	 owner Class: org.apache.lucene.index.IndexReader level 0 param_sig I
[2025-12-23 09:50:44,483 - reflect.py:322 - DEBUG] - 	 owner Class: org.apache.lucene.index.IndexReader level 0 param_sig ILorg/apache/lucene/index/StoredFieldVisitor;
[2025-12-23 09:50:44,483 - reflect.py:322 - DEBUG] - 	 owner Class: org.apache.lucene.index.IndexReader level 0 param_sig ILjava/util/Set;
[2025-12-23 09:50:44,483 - reflect.py:150 - DEBUG] - 
meth: document
  sig: (I)Lorg/apache/lucene/document/Document;
  Public True
  Private False
  Protected False
  Static False
  Final True
  Synchronized False
  Volatile False
  Transient False
  Native False
  Interface False
  Abstract False
  Strict False

[2025-12-23 09:50:44,484 - reflect.py:150 - DEBUG] - 
meth: document
  sig: (ILorg/apache/lucene/index/StoredFieldVisitor;)V
  Public True
  Private False
  Protected False
  Static False
  Final False
  Synchronized False
  Volatile False
  Transient False
  Native False
  Interface False
  Abstract True
  Strict False

[2025-12-23 09:50:44,484 - reflect.py:150 - DEBUG] - 
meth: document
  sig: (ILjava/util/Set;)Lorg/apache/lucene/document/Document;
  Public True
  Private False
  Protected False
  Static False
  Final True
  Synchronized False
  Volatile False
  Transient False
  Native False
  Interface False
  Abstract False
  Strict False

[2025-12-23 09:50:44,484 - reflect.py:340 - DEBUG] - method selected 3 multiple signatures of [('(I)Lorg/apache/lucene/document/Document;', False, False), ('(ILorg/apache/lucene/index/StoredFieldVisitor;)V', False, False), ('(ILjava/util/Set;)Lorg/apache/lucene/document/Document;', False, False)]
[2025-12-23 09:50:44,484 - reflect.py:150 - DEBUG] - 
meth: storedFields
  sig: ()Lorg/apache/lucene/index/StoredFields;
  Public True
  Private False
  Protected False
  Static False
  Final False
  Synchronized False
  Volatile False
  Transient False
  Native False
  Interface False
  Abstract True
  Strict False

[2025-12-23 09:50:44,484 - reflect.py:150 - DEBUG] - 
meth: numDocs
  sig: ()I
  Public True
  Private False
  Protected False
  Static False
  Final False
  Synchronized False
  Volatile False
  Transient False
  Native False
  Interface False
  Abstract True
  Strict False

[2025-12-23 09:50:44,484 - reflect.py:150 - DEBUG] - 
meth: reportCloseToParentReaders
  sig: ()V
  Public False
  Private True
  Protected False
  Static False
  Final False
  Synchronized False
  Volatile False
  Transient False
  Native False
  Interface False
  Abstract False
  Strict False

[2025-12-23 09:50:44,484 - reflect.py:150 - DEBUG] - 
meth: tryIncRef
  sig: ()Z
  Public True
  Private False
  Protected False
  Static False
  Final True
  Synchronized False
  Volatile False
  Transient False
  Native False
  Interface False
  Abstract False
  Strict False

[2025-12-23 09:50:44,484 - reflect.py:150 - DEBUG] - 
meth: doClose
  sig: ()V
  Public False
  Private False
  Protected True
  Static False
  Final False
  Synchronized False
  Volatile False
  Transient False
  Native False
  Interface False
  Abstract True
  Strict False

[2025-12-23 09:50:44,484 - reflect.py:150 - DEBUG] - 
meth: getTermVectors
  sig: (I)Lorg/apache/lucene/index/Fields;
  Public True
  Private False
  Protected False
  Static False
  Final False
  Synchronized False
  Volatile False
  Transient False
  Native False
  Interface False
  Abstract True
  Strict False

[2025-12-23 09:50:44,484 - reflect.py:150 - DEBUG] - 
meth: maxDoc
  sig: ()I
  Public True
  Private False
  Protected False
  Static False
  Final False
  Synchronized False
  Volatile False
  Transient False
  Native False
  Interface False
  Abstract True
  Strict False

[2025-12-23 09:50:44,484 - reflect.py:150 - DEBUG] - 
meth: getContext
  sig: ()Lorg/apache/lucene/index/IndexReaderContext;
  Public True
  Private False
  Protected False
  Static False
  Final False
  Synchronized False
  Volatile False
  Transient False
  Native False
  Interface False
  Abstract True
  Strict False

[2025-12-23 09:50:44,484 - reflect.py:150 - DEBUG] - 
meth: ensureOpen
  sig: ()V
  Public False
  Private False
  Protected True
  Static False
  Final True
  Synchronized False
  Volatile False
  Transient False
  Native False
  Interface False
  Abstract False
  Strict False

[2025-12-23 09:50:44,484 - negative_mining.py:66 - INFO] - Initialized LuceneSearcher with index at /home/ir_repo/work/hdd/index/bm25/msmarco
[2025-12-23 09:50:44,484 - load.py:42 - INFO] - Loading queries from /home/ir_repo/work/hdd/data/preprocessed/datasets/msmarco/train_queries.jsonl...
[2025-12-23 09:50:45,318 - load.py:51 - INFO] - Loaded 502939 queries.
[2025-12-23 09:50:45,318 - load.py:27 - INFO] - Loading qrels from /home/ir_repo/work/hdd/data/preprocessed/datasets/msmarco/train_qrels.jsonl...
[2025-12-23 09:50:46,243 - load.py:37 - INFO] - Loaded 502939 qrels.
[2025-12-23 09:50:46,243 - negative_mining.py:34 - INFO] - Searching 502939 queries with batch size 64 and topk 100
